building the system configuration...
evaluation warning: `programs.zsh.initExtra` is deprecated, use `programs.zsh.initContent` instead.

                    Example: programs.zsh.initContent = "your content here";
error:
       … while calling the 'head' builtin
         at /nix/store/12azrzlywd7jmsg1q9n4dpqqgb33p2wl-source/lib/attrsets.nix:1713:13:
         1712|           if length values == 1 || pred here (elemAt values 1) (head values) then
         1713|             head values
             |             ^
         1714|           else

       … while evaluating the attribute 'value'
         at /nix/store/12azrzlywd7jmsg1q9n4dpqqgb33p2wl-source/lib/modules.nix:1118:7:
         1117|     // {
         1118|       value = addErrorContext "while evaluating the option `${showOption loc}':" value;
             |       ^
         1119|       inherit (res.defsFinal') highestPrio;

       … while evaluating the option `system.build.toplevel':

       … while evaluating definitions from `/nix/store/12azrzlywd7jmsg1q9n4dpqqgb33p2wl-source/nixos/modules/system/activation/top-level.nix':

       … while evaluating the option `warnings':

       … while evaluating definitions from `/nix/store/12azrzlywd7jmsg1q9n4dpqqgb33p2wl-source/nixos/modules/system/boot/systemd.nix':

       … while evaluating the option `systemd.services.home-manager-milgraph.serviceConfig':

       … while evaluating definitions from `/nix/store/96y4pqrhd1w3svfca4sgpsbmhh2n9jlk-source/nixos':

       (stack trace truncated; use '--show-trace' to show the full, detailed trace)

       error: path '/nix/store/mzs5fhpycx9861qwvpafnc855isk5m0k-source/home/modules/dotfiles/helix' does not exist
Command 'nix --extra-experimental-features 'nix-command flakes' build --print-out-paths '.#nixosConfigurations."nixos".config.system.build.toplevel'' returned non-zero exit status 1.
